-encoding
UTF-8
-outxml
-source
1.6
-target
1.6
-classpath
C:\Documents and Settings\af7226\.m2\repository\antlr\antlr\2.7.6\antlr-2.7.6.jar;C:\Documents and Settings\af7226\.m2\repository\aopalliance\aopalliance\1.0\aopalliance-1.0.jar;C:\Documents and Settings\af7226\.m2\repository\asm\asm\3.3\asm-3.3.jar;C:\Documents and Settings\af7226\.m2\repository\asm\asm-commons\3.3\asm-commons-3.3.jar;C:\Documents and Settings\af7226\.m2\repository\asm\asm-tree\3.3\asm-tree-3.3.jar;C:\Documents and Settings\af7226\.m2\repository\cglib\cglib-nodep\2.2\cglib-nodep-2.2.jar;C:\Documents and Settings\af7226\.m2\repository\com\googlecode\xmemcached\xmemcached\1.3.5\xmemcached-1.3.5.jar;C:\Documents and Settings\af7226\.m2\repository\com\sun\jdmk\jmxtools\1.2.1\jmxtools-1.2.1.jar;C:\Documents and Settings\af7226\.m2\repository\com\sun\jmx\jmxri\1.2.1\jmxri-1.2.1.jar;C:\Documents and Settings\af7226\.m2\repository\commons-codec\commons-codec\1.4\commons-codec-1.4.jar;C:\Documents and Settings\af7226\.m2\repository\commons-collections\commons-collections\3.1\commons-collections-3.1.jar;C:\Documents and Settings\af7226\.m2\repository\commons-dbcp\commons-dbcp\1.3\commons-dbcp-1.3.jar;C:\Documents and Settings\af7226\.m2\repository\commons-discovery\commons-discovery\0.4\commons-discovery-0.4.jar;C:\Documents and Settings\af7226\.m2\repository\commons-fileupload\commons-fileupload\1.2.2\commons-fileupload-1.2.2.jar;C:\Documents and Settings\af7226\.m2\repository\commons-io\commons-io\2.0.1\commons-io-2.0.1.jar;C:\Documents and Settings\af7226\.m2\repository\commons-lang\commons-lang\2.5\commons-lang-2.5.jar;C:\Documents and Settings\af7226\.m2\repository\commons-logging\commons-logging\1.0.4\commons-logging-1.0.4.jar;C:\Documents and Settings\af7226\.m2\repository\commons-net\commons-net\2.2\commons-net-2.2.jar;C:\Documents and Settings\af7226\.m2\repository\commons-pool\commons-pool\1.5.4\commons-pool-1.5.4.jar;C:\Documents and Settings\af7226\.m2\repository\dom4j\dom4j\1.6.1\dom4j-1.6.1.jar;C:\Documents and Settings\af7226\.m2\repository\javassist\javassist\3.12.0.GA\javassist-3.12.0.GA.jar;C:\Documents and Settings\af7226\.m2\repository\javax\activation\activation\1.1\activation-1.1.jar;C:\Documents and Settings\af7226\.m2\repository\javax\jms\jms\1.1\jms-1.1.jar;C:\Documents and Settings\af7226\.m2\repository\javax\mail\mail\1.4\mail-1.4.jar;C:\Documents and Settings\af7226\.m2\repository\javax\servlet\servlet-api\2.5\servlet-api-2.5.jar;C:\Documents and Settings\af7226\.m2\repository\javax\transaction\jta\1.1\jta-1.1.jar;C:\Documents and Settings\af7226\.m2\repository\javax\validation\validation-api\1.0.0.GA\validation-api-1.0.0.GA.jar;C:\Documents and Settings\af7226\.m2\repository\junit\junit\4.8.2\junit-4.8.2.jar;C:\Documents and Settings\af7226\.m2\repository\log4j\log4j\1.2.15\log4j-1.2.15.jar;C:\Documents and Settings\af7226\.m2\repository\mysql\mysql-connector-java\5.1.17\mysql-connector-java-5.1.17.jar;C:\Documents and Settings\af7226\.m2\repository\mysql\mysql-connector-java\5.1.17\mysql-connector-java-5.1.17.jar;C:\Documents and Settings\af7226\.m2\repository\net\sf\flexjson\flexjson\2.1\flexjson-2.1.jar;C:\Documents and Settings\af7226\.m2\repository\ognl\ognl\3.0.5\ognl-3.0.5.jar;C:\Documents and Settings\af7226\.m2\repository\ojdbc\ojdbc\14\ojdbc-14.pom;C:\Documents and Settings\af7226\.m2\repository\org\apache\axis\axis\1.4\axis-1.4.jar;C:\Documents and Settings\af7226\.m2\repository\org\apache\commons\commons-lang3\3.0.1\commons-lang3-3.0.1.jar;C:\Documents and Settings\af7226\.m2\repository\org\apache\struts\struts2-core\2.3.4\struts2-core-2.3.4.jar;C:\Documents and Settings\af7226\.m2\repository\org\apache\struts\xwork\xwork-core\2.3.4\xwork-core-2.3.4.jar;C:\Documents and Settings\af7226\.m2\repository\org\aspectj\aspectjrt\1.6.11\aspectjrt-1.6.11.jar;C:\Documents and Settings\af7226\.m2\repository\org\aspectj\aspectjweaver\1.6.11\aspectjweaver-1.6.11.jar;C:\Documents and Settings\af7226\.m2\repository\org\freemarker\freemarker\2.3.19\freemarker-2.3.19.jar;C:\Documents and Settings\af7226\.m2\repository\org\hibernate\hibernate-commons-annotations\3.2.0.Final\hibernate-commons-annotations-3.2.0.Final.jar;C:\Documents and Settings\af7226\.m2\repository\org\hibernate\hibernate-core\3.6.1.Final\hibernate-core-3.6.1.Final.jar;C:\Documents and Settings\af7226\.m2\repository\org\hibernate\hibernate-entitymanager\3.6.1.Final\hibernate-entitymanager-3.6.1.Final.jar;C:\Documents and Settings\af7226\.m2\repository\org\hibernate\hibernate-validator\4.1.0.Final\hibernate-validator-4.1.0.Final.jar;C:\Documents and Settings\af7226\.m2\repository\org\hibernate\javax\persistence\hibernate-jpa-2.0-api\1.0.0.Final\hibernate-jpa-2.0-api-1.0.0.Final.jar;C:\Documents and Settings\af7226\.m2\repository\org\jsoup\jsoup\1.7.2\jsoup-1.7.2.jar;C:\Documents and Settings\af7226\.m2\repository\org\slf4j\slf4j-api\1.6.1\slf4j-api-1.6.1.jar;C:\Documents and Settings\af7226\.m2\repository\org\springframework\spring-aop\3.1.0.RELEASE\spring-aop-3.1.0.RELEASE.jar;C:\Documents and Settings\af7226\.m2\repository\org\springframework\spring-asm\3.1.0.RELEASE\spring-asm-3.1.0.RELEASE.jar;C:\Documents and Settings\af7226\.m2\repository\org\springframework\spring-aspects\3.1.0.RELEASE\spring-aspects-3.1.0.RELEASE.jar;C:\Documents and Settings\af7226\.m2\repository\org\springframework\spring-beans\3.1.0.RELEASE\spring-beans-3.1.0.RELEASE.jar;C:\Documents and Settings\af7226\.m2\repository\org\springframework\spring-context\3.1.0.RELEASE\spring-context-3.1.0.RELEASE.jar;C:\Documents and Settings\af7226\.m2\repository\org\springframework\spring-context-support\3.1.0.RELEASE\spring-context-support-3.1.0.RELEASE.jar;C:\Documents and Settings\af7226\.m2\repository\org\springframework\spring-core\3.1.0.RELEASE\spring-core-3.1.0.RELEASE.jar;C:\Documents and Settings\af7226\.m2\repository\org\springframework\spring-expression\3.1.0.RELEASE\spring-expression-3.1.0.RELEASE.jar;C:\Documents and Settings\af7226\.m2\repository\org\springframework\spring-jdbc\3.1.0.RELEASE\spring-jdbc-3.1.0.RELEASE.jar;C:\Documents and Settings\af7226\.m2\repository\org\springframework\spring-orm\3.1.0.RELEASE\spring-orm-3.1.0.RELEASE.jar;C:\Documents and Settings\af7226\.m2\repository\org\springframework\spring-test\3.1.0.RELEASE\spring-test-3.1.0.RELEASE.jar;C:\Documents and Settings\af7226\.m2\repository\org\springframework\spring-tx\3.1.0.RELEASE\spring-tx-3.1.0.RELEASE.jar;C:\Documents and Settings\af7226\.m2\repository\org\springframework\spring-web\3.1.0.RELEASE\spring-web-3.1.0.RELEASE.jar;C:\Documents and Settings\af7226\.m2\repository\org\springframework\roo\org.springframework.roo.annotations\1.2.3.RELEASE\org.springframework.roo.annotations-1.2.3.RELEASE.jar;C:\Documents and Settings\af7226\.m2\repository\xml-apis\xml-apis\1.0.b2\xml-apis-1.0.b2.jar;C:\Documents and Settings\af7226\.m2\repository\yeepay\htmlcommon\3.0\htmlcommon-3.0.jar;E:\Geek\COMPANY\ruyicai\01开发\03程序\git\LuckyDraw\target\classes
-aspectpath
C:\Documents and Settings\af7226\.m2\repository\org\springframework\spring-aspects\3.1.0.RELEASE\spring-aspects-3.1.0.RELEASE.jar
-d
E:\Geek\COMPANY\ruyicai\01开发\03程序\git\LuckyDraw\target\classes
E:\Geek\COMPANY\ruyicai\01开发\03程序\git\LuckyDraw\src\main\java\com\ruyicai\draw\dao\PrizeConfigDAO.java
E:\Geek\COMPANY\ruyicai\01开发\03程序\git\LuckyDraw\src\main\java\com\ruyicai\draw\util\JsonUtil.java
E:\Geek\COMPANY\ruyicai\01开发\03程序\git\LuckyDraw\src\main\java\com\ruyicai\draw\AppStart.java
E:\Geek\COMPANY\ruyicai\01开发\03程序\git\LuckyDraw\src\main\java\com\ruyicai\draw\util\ResponseJson.java
E:\Geek\COMPANY\ruyicai\01开发\03程序\git\LuckyDraw\src\main\java\com\ruyicai\draw\domain\UserDraw_Roo_JavaBean.aj
E:\Geek\COMPANY\ruyicai\01开发\03程序\git\LuckyDraw\src\main\java\com\ruyicai\draw\domain\UserDraw.java
E:\Geek\COMPANY\ruyicai\01开发\03程序\git\LuckyDraw\src\main\java\com\ruyicai\draw\exception\RuyicaiException.java
E:\Geek\COMPANY\ruyicai\01开发\03程序\git\LuckyDraw\src\main\java\com\ruyicai\draw\controller\LuckyDrawAction.java
E:\Geek\COMPANY\ruyicai\01开发\03程序\git\LuckyDraw\src\main\java\com\ruyicai\draw\domain\PrizeInfo_Roo_JavaBean.aj
E:\Geek\COMPANY\ruyicai\01开发\03程序\git\LuckyDraw\src\main\java\com\ruyicai\draw\util\Prize.java
E:\Geek\COMPANY\ruyicai\01开发\03程序\git\LuckyDraw\src\main\java\com\ruyicai\draw\domain\PrizeInfo.java
E:\Geek\COMPANY\ruyicai\01开发\03程序\git\LuckyDraw\src\main\java\com\ruyicai\draw\domain\PrizeInfo_Roo_Json.aj
E:\Geek\COMPANY\ruyicai\01开发\03程序\git\LuckyDraw\src\main\java\com\ruyicai\draw\domain\PrizeInfo_Roo_ToString.aj
E:\Geek\COMPANY\ruyicai\01开发\03程序\git\LuckyDraw\src\main\java\com\ruyicai\draw\domain\UserDraw_Roo_ToString.aj
E:\Geek\COMPANY\ruyicai\01开发\03程序\git\LuckyDraw\src\main\java\com\ruyicai\draw\service\PrizeService.java
E:\Geek\COMPANY\ruyicai\01开发\03程序\git\LuckyDraw\src\main\java\com\ruyicai\draw\domain\UserDraw_Roo_Json.aj
E:\Geek\COMPANY\ruyicai\01开发\03程序\git\LuckyDraw\src\main\java\com\ruyicai\draw\util\RandomProbability.java
